nohup: ignoring input
Begin Process:
Begin Process:
command line args:  {"arch_sparse_feature_size": 16, "arch_embedding_size": "4-3-2", "arch_mlp_bot": "13-512-256-64-16", "arch_mlp_top": "512-256-1", "arch_interaction_op": "dot", "arch_interaction_itself": false, "md_flag": false, "md_threshold": 200, "md_temperature": 0.3, "md_round_dims": false, "qr_flag": false, "qr_threshold": 200, "qr_operation": "mult", "qr_collisions": 4, "activation_function": "relu", "loss_function": "bce", "loss_weights": "1.0-1.0", "loss_threshold": 0.0, "round_targets": true, "data_size": 1, "num_batches": 0, "data_generation": "dataset", "data_trace_file": "./input/dist_emb_j.log", "data_set": "kaggle", "raw_data_file": "/mnt/DP_disk1/dlrm/kaggle/backup/train.txt", "processed_data_file": "/mnt/DP_disk1/dlrm/kaggle/backup/kaggleAdDisplayChallenge_processed.npz", "data_randomize": "total", "data_trace_enable_padding": false, "max_ind_range": -1, "data_sub_sample_rate": 0.0, "num_indices_per_lookup": 10, "num_indices_per_lookup_fixed": false, "num_workers": 0, "memory_map": false, "mini_batch_size": 128, "nepochs": 1, "learning_rate": 0.1, "print_precision": 5, "numpy_rand_seed": 123, "sync_dense_params": true, "inference_only": false, "save_onnx": false, "use_gpu": false, "print_freq": 1000, "test_freq": 5000, "test_mini_batch_size": 128, "test_num_workers": 16, "print_time": true, "debug_mode": false, "enable_profiling": false, "plot_compute_graph": false, "save_model": "", "load_model": "", "mlperf_logging": true, "mlperf_acc_threshold": 0.0, "mlperf_auc_threshold": 0.8025, "mlperf_bin_loader": true, "mlperf_bin_shuffle": false, "lr_num_warmup_steps": 0, "lr_decay_start_step": 0, "lr_num_decay_steps": 0}
command line args:  {"arch_sparse_feature_size": 16, "arch_embedding_size": "4-3-2", "arch_mlp_bot": "13-512-256-64-16", "arch_mlp_top": "512-256-1", "arch_interaction_op": "dot", "arch_interaction_itself": false, "md_flag": false, "md_threshold": 200, "md_temperature": 0.3, "md_round_dims": false, "qr_flag": false, "qr_threshold": 200, "qr_operation": "mult", "qr_collisions": 4, "activation_function": "relu", "loss_function": "bce", "loss_weights": "1.0-1.0", "loss_threshold": 0.0, "round_targets": true, "data_size": 1, "num_batches": 0, "data_generation": "dataset", "data_trace_file": "./input/dist_emb_j.log", "data_set": "kaggle", "raw_data_file": "/mnt/DP_disk1/dlrm/kaggle/backup/train.txt", "processed_data_file": "/mnt/DP_disk1/dlrm/kaggle/backup/kaggleAdDisplayChallenge_processed.npz", "data_randomize": "total", "data_trace_enable_padding": false, "max_ind_range": -1, "data_sub_sample_rate": 0.0, "num_indices_per_lookup": 10, "num_indices_per_lookup_fixed": false, "num_workers": 0, "memory_map": false, "mini_batch_size": 128, "nepochs": 1, "learning_rate": 0.1, "print_precision": 5, "numpy_rand_seed": 123, "sync_dense_params": true, "inference_only": false, "save_onnx": false, "use_gpu": false, "print_freq": 1000, "test_freq": 5000, "test_mini_batch_size": 128, "test_num_workers": 16, "print_time": true, "debug_mode": false, "enable_profiling": false, "plot_compute_graph": false, "save_model": "", "load_model": "", "mlperf_logging": true, "mlperf_acc_threshold": 0.0, "mlperf_auc_threshold": 0.8025, "mlperf_bin_loader": true, "mlperf_bin_shuffle": false, "lr_num_warmup_steps": 0, "lr_decay_start_step": 0, "lr_num_decay_steps": 0}
Using CPU...
Begin data pre-processing
Reading pre-processed data=/mnt/DP_disk1/dlrm/kaggle/backup/kaggleAdDisplayChallenge_processed.npz
Using CPU...
Begin data pre-processing
Reading pre-processed data=/mnt/DP_disk1/dlrm/kaggle/backup/kaggleAdDisplayChallenge_processed.npz
Sparse fea = 26, Dense fea = 13
Defined train indices...
Randomized indices across days ...
Sparse fea = 26, Dense fea = 13
Defined train indices...
Randomized indices across days ...
Split data according to indices...
Reading pre-processed data=/mnt/DP_disk1/dlrm/kaggle/backup/kaggleAdDisplayChallenge_processed.npz
Split data according to indices...
Reading pre-processed data=/mnt/DP_disk1/dlrm/kaggle/backup/kaggleAdDisplayChallenge_processed.npz
Sparse fea = 26, Dense fea = 13
Defined test indices...
Randomized indices across days ...
Split data according to indices...
Begin commandline parse
Sparse fea = 26, Dense fea = 13
Defined test indices...
Randomized indices across days ...
Split data according to indices...
Begin commandline parse
Begin Mainloop
time/loss/accuracy (if enabled):
Begin Mainloop
time/loss/accuracy (if enabled):
before forward:4.5299530029296875e-06
before forward:5.4836273193359375e-06
forward time:0.004495382308959961
Compute loss time:0.00043511390686035156
forward time:0.004675865173339844
Compute loss time:0.0005662441253662109
optimizer zero grad time:0.22220683097839355
optimizer zero grad time:0.22178411483764648
optimizer backward time:0.01282048225402832
optimizer backward time:0.016111373901367188
optimizer step time:4.192162036895752
learning rate step time:0.0006549358367919922
after loss time:4.430827379226685
print output time:4.6253204345703125e-05
test time:1.1205673217773438e-05
training iter1,this iter consuming time:4.436132431030273
before forward:1.9788742065429688e-05
forward time:0.0035741329193115234
Compute loss time:0.0003020763397216797
optimizer step time:4.213217735290527
learning rate step time:0.0006427764892578125
after loss time:4.44899582862854
print output time:1.7404556274414062e-05
test time:1.239776611328125e-05
training iter1,this iter consuming time:4.453960657119751
before forward:4.0531158447265625e-06
forward time:0.0034351348876953125
Compute loss time:0.0002803802490234375
optimizer zero grad time:0.22206449508666992
optimizer backward time:0.009398221969604492
optimizer zero grad time:0.22402000427246094
optimizer backward time:0.012818336486816406
optimizer step time:3.7082958221435547
learning rate step time:9.775161743164062e-05
after loss time:3.9399359226226807
print output time:1.71661376953125e-05
test time:9.775161743164062e-06
training iter2,this iter consuming time:3.9438588619232178
before forward:5.4836273193359375e-06
forward time:0.003698587417602539
Compute loss time:0.0002448558807373047
optimizer step time:3.7031161785125732
learning rate step time:0.00012040138244628906
after loss time:3.9401378631591797
print output time:1.1920928955078125e-05
test time:1.239776611328125e-05
training iter2,this iter consuming time:3.9438817501068115
before forward:4.0531158447265625e-06
forward time:0.003880739212036133
Compute loss time:0.0002925395965576172
optimizer zero grad time:0.2215576171875
optimizer backward time:0.009816646575927734
optimizer zero grad time:0.23245644569396973
optimizer backward time:0.013164043426513672
optimizer step time:2.9385273456573486
learning rate step time:9.1552734375e-05
after loss time:3.1700549125671387
print output time:1.0728836059570312e-05
test time:8.821487426757812e-06
training iter3,this iter consuming time:3.174023389816284
before forward:4.291534423828125e-06
forward time:0.0036008358001708984
Compute loss time:0.0002753734588623047
optimizer step time:2.927354335784912
learning rate step time:0.00010776519775390625
after loss time:3.1731464862823486
print output time:1.0967254638671875e-05
test time:1.0013580322265625e-05
training iter3,this iter consuming time:3.177344799041748
before forward:4.0531158447265625e-06
forward time:0.0038716793060302734
Compute loss time:0.00024390220642089844
optimizer zero grad time:0.2249279022216797
optimizer backward time:0.00941157341003418
optimizer zero grad time:0.22747278213500977
optimizer backward time:0.016646623611450195
optimizer step time:3.396182060241699
learning rate step time:0.00017333030700683594
after loss time:3.6308059692382812
print output time:2.7179718017578125e-05
test time:1.4781951904296875e-05
training iter4,this iter consuming time:3.63472843170166
before forward:6.198883056640625e-06
optimizer step time:3.3759124279022217
learning rate step time:0.000102996826171875
after loss time:3.6201934814453125
print output time:1.2636184692382812e-05
test time:1.3113021850585938e-05
training iter4,this iter consuming time:3.6243388652801514
before forward:4.291534423828125e-06
forward time:0.00429224967956543
Compute loss time:0.0004150867462158203
forward time:0.003522157669067383
Compute loss time:0.0002980232238769531
optimizer zero grad time:0.22547674179077148
optimizer zero grad time:0.2245347499847412
optimizer backward time:0.012289047241210938
optimizer backward time:0.025048494338989258
optimizer step time:2.9356906414031982
learning rate step time:9.775161743164062e-05
after loss time:3.1736228466033936
print output time:1.0728836059570312e-05
test time:6.198883056640625e-06
training iter5,this iter consuming time:3.1783533096313477
before forward:4.291534423828125e-06
forward time:0.0041005611419677734
Compute loss time:0.00024127960205078125
optimizer step time:2.9569125175476074
learning rate step time:9.584426879882812e-05
after loss time:3.206691026687622
print output time:1.1444091796875e-05
test time:6.9141387939453125e-06
training iter5,this iter consuming time:3.210533857345581
before forward:4.5299530029296875e-06
forward time:0.003929853439331055
Compute loss time:0.00029754638671875
optimizer zero grad time:0.225111722946167
optimizer backward time:0.00922536849975586
optimizer zero grad time:0.2292313575744629
optimizer backward time:0.015973329544067383
optimizer step time:2.958737850189209
learning rate step time:9.512901306152344e-05
after loss time:3.1932356357574463
print output time:1.1682510375976562e-05
test time:6.67572021484375e-06
training iter6,this iter consuming time:3.1976001262664795
before forward:4.5299530029296875e-06
forward time:0.003854513168334961
Compute loss time:0.0002410411834716797
optimizer step time:2.92136287689209
learning rate step time:0.00013446807861328125
after loss time:3.166769027709961
print output time:1.2636184692382812e-05
test time:1.0728836059570312e-05
training iter6,this iter consuming time:3.1710243225097656
before forward:4.5299530029296875e-06
forward time:0.0036742687225341797
Compute loss time:0.0002639293670654297
optimizer zero grad time:0.22490310668945312
optimizer backward time:0.00969386100769043
optimizer zero grad time:0.22460293769836426
optimizer backward time:0.012445688247680664
optimizer step time:3.520024299621582
learning rate step time:0.00011348724365234375
after loss time:3.7572853565216064
print output time:1.1205673217773438e-05
test time:1.1444091796875e-05
training iter7,this iter consuming time:3.7612507343292236
optimizer step time:3.5362377166748047
learning rate step time:0.00010251998901367188
after loss time:3.771049737930298
print output time:1.33514404296875e-05
test time:8.821487426757812e-06
training iter7,this iter consuming time:3.775171995162964
before forward:4.0531158447265625e-06
before forward:4.76837158203125e-06
forward time:0.0035572052001953125
Compute loss time:0.00024056434631347656
forward time:0.003872394561767578
Compute loss time:0.00024366378784179688
optimizer zero grad time:0.22421741485595703
optimizer zero grad time:0.22472333908081055
optimizer backward time:0.010144710540771484
optimizer backward time:0.013962030410766602
optimizer step time:2.9200453758239746
learning rate step time:9.274482727050781e-05
after loss time:3.1545631885528564
print output time:1.239776611328125e-05
test time:8.58306884765625e-06
training iter8,this iter consuming time:3.158385992050171
before forward:3.814697265625e-06
forward time:0.003504037857055664
Compute loss time:0.0002689361572265625
optimizer step time:2.96224308013916
learning rate step time:0.00011467933654785156
after loss time:3.2011425495147705
print output time:1.52587890625e-05
test time:1.621246337890625e-05
training iter8,this iter consuming time:3.2052948474884033
before forward:4.291534423828125e-06
forward time:0.004285097122192383
Compute loss time:0.00023794174194335938
optimizer zero grad time:0.2229008674621582
optimizer backward time:0.009185314178466797
optimizer zero grad time:0.23086881637573242
optimizer backward time:0.01794123649597168
optimizer step time:2.9261128902435303
learning rate step time:9.441375732421875e-05
after loss time:3.175121784210205
print output time:1.0728836059570312e-05
test time:3.719329833984375e-05
training iter9,this iter consuming time:3.179697036743164
before forward:3.814697265625e-06
forward time:0.003633737564086914
Compute loss time:0.0002493858337402344
optimizer step time:3.0342438220977783
learning rate step time:0.00010418891906738281
after loss time:3.2664997577667236
print output time:1.0728836059570312e-05
test time:1.0251998901367188e-05
training iter9,this iter consuming time:3.2702975273132324
before forward:4.0531158447265625e-06
forward time:0.0036208629608154297
Compute loss time:0.00024437904357910156
optimizer zero grad time:0.22459626197814941
optimizer backward time:0.009252071380615234
optimizer zero grad time:0.2675294876098633
optimizer backward time:0.012738227844238281
optimizer step time:3.2373790740966797
learning rate step time:9.5367431640625e-05
after loss time:3.471388101577759
print output time:9.775161743164062e-06
test time:4.792213439941406e-05
training iter10,this iter consuming time:3.475332736968994
before forward:4.0531158447265625e-06
forward time:0.0037431716918945312
Compute loss time:0.00024509429931640625
optimizer step time:3.1803061962127686
learning rate step time:0.0001819133758544922
after loss time:3.460850238800049
print output time:1.5020370483398438e-05
test time:1.3113021850585938e-05
training iter10,this iter consuming time:3.464747667312622
before forward:6.9141387939453125e-06
forward time:0.0044100284576416016
Compute loss time:0.0003833770751953125
optimizer zero grad time:0.22345471382141113
optimizer backward time:0.009651660919189453
optimizer zero grad time:0.2672724723815918
optimizer backward time:0.012904167175292969
optimizer step time:2.9937219619750977
learning rate step time:9.942054748535156e-05
after loss time:3.2270092964172363
print output time:1.1682510375976562e-05
test time:8.106231689453125e-06
training iter11,this iter consuming time:3.2310214042663574
before forward:4.291534423828125e-06
forward time:0.003603219985961914
Compute loss time:0.0002491474151611328
optimizer step time:2.9640393257141113
learning rate step time:0.00012087821960449219
after loss time:3.244441509246826
print output time:1.2874603271484375e-05
test time:1.3828277587890625e-05
training iter11,this iter consuming time:3.2492685317993164
before forward:4.291534423828125e-06
forward time:0.003753662109375
Compute loss time:0.0002396106719970703
optimizer zero grad time:0.2211613655090332
optimizer backward time:0.009417533874511719
optimizer zero grad time:0.26786375045776367
optimizer backward time:0.012687444686889648
optimizer step time:4.265086889266968
learning rate step time:0.00020170211791992188
after loss time:4.4959633350372314
print output time:1.9311904907226562e-05
test time:1.5497207641601562e-05
training iter12,this iter consuming time:4.499854803085327
before forward:6.67572021484375e-06
forward time:0.0047397613525390625
Compute loss time:0.00043487548828125
optimizer step time:4.281940460205078
learning rate step time:0.00010037422180175781
after loss time:4.562652826309204
print output time:1.3113021850585938e-05
test time:1.1920928955078125e-05
training iter12,this iter consuming time:4.566675424575806
before forward:6.4373016357421875e-06
forward time:0.003639698028564453
Compute loss time:0.000247955322265625
optimizer zero grad time:0.22582411766052246
optimizer backward time:0.010340690612792969
optimizer zero grad time:0.2769191265106201
optimizer backward time:0.013298273086547852
optimizer step time:3.416334390640259
learning rate step time:0.00011968612670898438
after loss time:3.6526899337768555
print output time:1.3589859008789062e-05
test time:1.0728836059570312e-05
training iter13,this iter consuming time:3.657895565032959
before forward:4.0531158447265625e-06
forward time:0.0038619041442871094
Compute loss time:0.00030231475830078125
optimizer step time:3.283541202545166
learning rate step time:0.000102996826171875
after loss time:3.5739240646362305
print output time:1.1205673217773438e-05
test time:9.775161743164062e-06
training iter13,this iter consuming time:3.5778391361236572
before forward:4.291534423828125e-06
forward time:0.003659486770629883
Compute loss time:0.00025200843811035156
optimizer zero grad time:0.22359776496887207
optimizer backward time:0.01005697250366211
optimizer zero grad time:0.2669191360473633
optimizer backward time:0.012961387634277344
optimizer step time:3.5338263511657715
learning rate step time:0.00010013580322265625
after loss time:3.767662286758423
print output time:1.1205673217773438e-05
test time:1.0013580322265625e-05
training iter14,this iter consuming time:3.7718517780303955
before forward:4.291534423828125e-06
forward time:0.0038101673126220703
Compute loss time:0.00024437904357910156
optimizer step time:3.501657009124756
learning rate step time:9.274482727050781e-05
after loss time:3.781731367111206
print output time:1.1205673217773438e-05
test time:6.198883056640625e-06
training iter14,this iter consuming time:3.7856645584106445
before forward:4.76837158203125e-06
forward time:0.0035369396209716797
Compute loss time:0.0002455711364746094
optimizer zero grad time:0.22149419784545898
optimizer backward time:0.00938868522644043
optimizer zero grad time:0.2687375545501709
optimizer backward time:0.012876510620117188
optimizer step time:3.3543169498443604
learning rate step time:0.00011610984802246094
after loss time:3.5853819847106934
print output time:1.6450881958007812e-05
test time:1.3113021850585938e-05
training iter15,this iter consuming time:3.589470386505127
before forward:3.814697265625e-06
forward time:0.0035936832427978516
Compute loss time:0.00025010108947753906
optimizer step time:3.302816390991211
learning rate step time:9.298324584960938e-05
after loss time:3.584585666656494
print output time:1.0728836059570312e-05
test time:6.67572021484375e-06
training iter15,this iter consuming time:3.588390350341797
before forward:5.4836273193359375e-06
forward time:0.003765583038330078
Compute loss time:0.00024700164794921875
optimizer zero grad time:0.22815775871276855
optimizer backward time:0.009171724319458008
optimizer zero grad time:0.2669405937194824
optimizer backward time:0.012556314468383789
optimizer step time:3.0264182090759277
learning rate step time:0.00011849403381347656
after loss time:3.263930320739746
print output time:1.0967254638671875e-05
test time:4.863739013671875e-05
training iter16,this iter consuming time:3.2678375244140625
before forward:5.0067901611328125e-06
forward time:0.0036008358001708984
Compute loss time:0.0002529621124267578
optimizer step time:2.9606363773345947
learning rate step time:0.0001227855682373047
after loss time:3.2403204441070557
print output time:1.1920928955078125e-05
test time:1.0251998901367188e-05
training iter16,this iter consuming time:3.2443606853485107
before forward:4.291534423828125e-06
forward time:0.003540515899658203
Compute loss time:0.0002410411834716797
optimizer zero grad time:0.2234668731689453
optimizer backward time:0.01006770133972168
optimizer zero grad time:0.2665698528289795
optimizer backward time:0.012483596801757812
optimizer step time:2.9861061573028564
learning rate step time:9.72747802734375e-05
after loss time:3.2198257446289062
print output time:1.0967254638671875e-05
test time:5.9604644775390625e-06
training iter17,this iter consuming time:3.2237014770507812
before forward:4.76837158203125e-06
forward time:0.0036559104919433594
Compute loss time:0.00024008750915527344
optimizer step time:2.9659335613250732
learning rate step time:0.0001220703125
after loss time:3.245171308517456
print output time:1.1920928955078125e-05
test time:1.2159347534179688e-05
training iter17,this iter consuming time:3.248981237411499
before forward:5.4836273193359375e-06
forward time:0.003706693649291992
Compute loss time:0.0002503395080566406
optimizer zero grad time:0.2210237979888916
optimizer backward time:0.00970315933227539
optimizer zero grad time:0.26865291595458984
optimizer backward time:0.012864351272583008
optimizer step time:3.037097215652466
learning rate step time:9.512901306152344e-05
after loss time:3.2679855823516846
print output time:4.887580871582031e-05
test time:6.198883056640625e-06
training iter18,this iter consuming time:3.2719414234161377
before forward:4.0531158447265625e-06
forward time:0.0037975311279296875
Compute loss time:0.00024271011352539062
optimizer step time:2.965263843536377
learning rate step time:9.131431579589844e-05
after loss time:3.246979236602783
print output time:1.1920928955078125e-05
test time:7.152557373046875e-06
training iter18,this iter consuming time:3.2509608268737793
before forward:4.0531158447265625e-06
forward time:0.003558635711669922
Compute loss time:0.0002522468566894531
optimizer zero grad time:0.22218537330627441
optimizer backward time:0.009541749954223633
optimizer zero grad time:0.26777052879333496
optimizer backward time:0.0127716064453125
optimizer step time:3.627786636352539
learning rate step time:9.369850158691406e-05
after loss time:3.859679698944092
print output time:1.0967254638671875e-05
test time:7.152557373046875e-06
training iter19,this iter consuming time:3.8637421131134033
before forward:4.291534423828125e-06
forward time:0.0035872459411621094
Compute loss time:0.0002663135528564453
optimizer step time:3.604107141494751
learning rate step time:0.00017952919006347656
after loss time:3.884925603866577
print output time:1.52587890625e-05
test time:2.765655517578125e-05
training iter19,this iter consuming time:3.8887834548950195
before forward:5.9604644775390625e-06
forward time:0.004518270492553711
Compute loss time:0.0003867149353027344
optimizer zero grad time:0.22100210189819336
optimizer backward time:0.009317874908447266
optimizer zero grad time:0.26914310455322266
optimizer backward time:0.012440204620361328
optimizer step time:2.978778123855591
learning rate step time:0.00010395050048828125
after loss time:3.2605278491973877
print output time:1.2874603271484375e-05
test time:1.0967254638671875e-05
training iter20,this iter consuming time:3.265462636947632
before forward:3.814697265625e-06
optimizer step time:3.087205171585083
learning rate step time:0.00011491775512695312
after loss time:3.317704200744629
print output time:1.1444091796875e-05
test time:9.5367431640625e-06
training iter20,this iter consuming time:3.3215830326080322
forward time:0.0036706924438476562
Compute loss time:0.00027823448181152344
before forward:4.5299530029296875e-06
forward time:0.003830432891845703
Compute loss time:0.00024008750915527344
optimizer zero grad time:0.239271879196167
optimizer backward time:0.00970315933227539
optimizer zero grad time:0.2660048007965088
optimizer backward time:0.01239013671875
optimizer step time:2.987142324447632
learning rate step time:0.00010991096496582031
after loss time:3.236293077468872
print output time:1.2636184692382812e-05
test time:1.3113021850585938e-05
training iter21,this iter consuming time:3.240393877029419
before forward:4.5299530029296875e-06
optimizer step time:2.969736337661743
learning rate step time:9.751319885253906e-05
after loss time:3.248292922973633
print output time:1.049041748046875e-05
test time:6.9141387939453125e-06
training iter21,this iter consuming time:3.252263069152832
forward time:0.003912448883056641
Compute loss time:0.0002551078796386719
before forward:5.7220458984375e-06
forward time:0.003634214401245117
Compute loss time:0.00024247169494628906
optimizer zero grad time:0.23956632614135742
optimizer backward time:0.009975194931030273
optimizer zero grad time:0.2664210796356201
optimizer backward time:0.01319122314453125
optimizer step time:4.125865697860718
learning rate step time:0.0001919269561767578
after loss time:4.375745534896851
print output time:3.218650817871094e-05
test time:5.030632019042969e-05
training iter22,this iter consuming time:4.380000114440918
before forward:6.67572021484375e-06
forward time:0.004466533660888672
Compute loss time:0.0004100799560546875
optimizer step time:4.128490924835205
learning rate step time:9.608268737792969e-05
after loss time:4.408267259597778
print output time:1.33514404296875e-05
test time:6.67572021484375e-06
training iter22,this iter consuming time:4.412169694900513
before forward:4.0531158447265625e-06
forward time:0.003541231155395508
Compute loss time:0.00024962425231933594
optimizer zero grad time:0.22750258445739746
optimizer backward time:0.010200977325439453
optimizer zero grad time:0.26796817779541016
optimizer backward time:0.012405157089233398
optimizer step time:3.026815414428711
learning rate step time:9.703636169433594e-05
after loss time:3.2646870613098145
print output time:1.0967254638671875e-05
test time:6.4373016357421875e-06
training iter23,this iter consuming time:3.269587755203247
before forward:5.0067901611328125e-06
forward time:0.0037529468536376953
Compute loss time:0.00026106834411621094
optimizer step time:2.9587907791137695
learning rate step time:0.00010800361633300781
after loss time:3.2393341064453125
print output time:1.1444091796875e-05
test time:9.5367431640625e-06
training iter23,this iter consuming time:3.243149995803833
before forward:5.0067901611328125e-06
forward time:0.0034863948822021484
Compute loss time:0.0002720355987548828
optimizer zero grad time:0.22614455223083496
optimizer backward time:0.010032176971435547
optimizer zero grad time:0.2660837173461914
optimizer backward time:0.013102054595947266
optimizer step time:3.002239942550659
learning rate step time:0.00010132789611816406
after loss time:3.238579273223877
print output time:4.8160552978515625e-05
test time:1.2874603271484375e-05
training iter24,this iter consuming time:3.242659330368042
before forward:4.291534423828125e-06
forward time:0.003728151321411133
Compute loss time:0.00024080276489257812
optimizer step time:2.971554756164551
learning rate step time:9.989738464355469e-05
after loss time:3.2509067058563232
print output time:1.1444091796875e-05
test time:8.106231689453125e-06
training iter24,this iter consuming time:3.2546896934509277
before forward:3.814697265625e-06
forward time:0.0035457611083984375
Compute loss time:0.00024318695068359375
optimizer zero grad time:0.22533392906188965
optimizer backward time:0.009670495986938477
optimizer zero grad time:0.2661476135253906
optimizer backward time:0.012341976165771484
optimizer step time:3.697622299194336
learning rate step time:0.00010561943054199219
after loss time:3.9327940940856934
print output time:1.4066696166992188e-05
test time:1.049041748046875e-05
training iter25,this iter consuming time:3.9367918968200684
before forward:5.9604644775390625e-06
forward time:0.003756999969482422
Compute loss time:0.00024771690368652344
optimizer step time:3.6551337242126465
learning rate step time:0.0001087188720703125
after loss time:3.933795928955078
print output time:1.1205673217773438e-05
test time:1.0251998901367188e-05
training iter25,this iter consuming time:3.937610149383545
before forward:3.814697265625e-06
forward time:0.003534078598022461
Compute loss time:0.0002493858337402344
optimizer zero grad time:0.2223823070526123
optimizer backward time:0.010105609893798828
optimizer zero grad time:0.26741600036621094
optimizer backward time:0.012454748153686523
optimizer step time:3.526003837585449
learning rate step time:0.00010991096496582031
after loss time:3.7586820125579834
print output time:1.049041748046875e-05
test time:1.1682510375976562e-05
training iter26,this iter consuming time:3.7627148628234863
before forward:4.0531158447265625e-06
forward time:0.0036745071411132812
Compute loss time:0.00023937225341796875
optimizer step time:3.507070779800415
learning rate step time:9.632110595703125e-05
after loss time:3.787099838256836
print output time:1.1682510375976562e-05
test time:6.4373016357421875e-06
training iter26,this iter consuming time:3.790905237197876
before forward:4.76837158203125e-06
forward time:0.004083156585693359
Compute loss time:0.00029468536376953125
optimizer zero grad time:0.22171854972839355
optimizer backward time:0.00926351547241211
optimizer zero grad time:0.27347636222839355
optimizer backward time:0.01776909828186035
optimizer step time:3.03810715675354
learning rate step time:8.988380432128906e-05
after loss time:3.2692418098449707
print output time:1.0967254638671875e-05
test time:8.106231689453125e-06
training iter27,this iter consuming time:3.273178815841675
before forward:3.814697265625e-06
forward time:0.003665447235107422
Compute loss time:0.0002448558807373047
optimizer step time:2.9586775302886963
learning rate step time:0.00010967254638671875
after loss time:3.25009822845459
print output time:1.1205673217773438e-05
test time:1.049041748046875e-05
training iter27,this iter consuming time:3.254502534866333
before forward:4.0531158447265625e-06
forward time:0.0035865306854248047
Compute loss time:0.00024628639221191406
optimizer zero grad time:0.2243952751159668
optimizer backward time:0.009430170059204102
optimizer zero grad time:0.26663661003112793
optimizer backward time:0.012787103652954102
optimizer step time:3.04913330078125
learning rate step time:0.00011444091796875
after loss time:3.283135175704956
print output time:1.049041748046875e-05
test time:9.5367431640625e-06
training iter28,this iter consuming time:3.287069320678711
optimizer step time:2.969918727874756
learning rate step time:0.00015974044799804688
after loss time:3.2495996952056885
print output time:1.6450881958007812e-05
test time:1.1682510375976562e-05
training iter28,this iter consuming time:3.253464698791504
before forward:4.76837158203125e-06
before forward:6.67572021484375e-06
forward time:0.0037462711334228516
Compute loss time:0.0002536773681640625
forward time:0.00395512580871582
Compute loss time:0.0003459453582763672
optimizer zero grad time:0.2391357421875
optimizer backward time:0.009945869445800781
optimizer zero grad time:0.26641249656677246
optimizer backward time:0.012533187866210938
optimizer step time:3.2387895584106445
learning rate step time:0.0001201629638671875
after loss time:3.488083600997925
print output time:5.888938903808594e-05
test time:1.3828277587890625e-05
training iter29,this iter consuming time:3.4921610355377197
optimizer step time:3.2097489833831787
learning rate step time:0.0001537799835205078
after loss time:3.4889204502105713
print output time:1.2874603271484375e-05
test time:1.1444091796875e-05
training iter29,this iter consuming time:3.4932525157928467
before forward:4.291534423828125e-06
before forward:4.5299530029296875e-06
forward time:0.003939390182495117
Compute loss time:0.0002663135528564453
forward time:0.0039975643157958984
Compute loss time:0.0002932548522949219
optimizer zero grad time:0.23900532722473145
optimizer backward time:0.010060310363769531
optimizer zero grad time:0.2671525478363037
optimizer backward time:0.014032602310180664
optimizer step time:3.0066261291503906
learning rate step time:0.00010061264038085938
after loss time:3.2558581829071045
print output time:1.0967254638671875e-05
test time:9.298324584960938e-06
training iter30,this iter consuming time:3.2600884437561035
before forward:5.4836273193359375e-06
optimizer step time:2.978797435760498
learning rate step time:0.00010776519775390625
after loss time:3.2601518630981445
print output time:1.1920928955078125e-05
test time:1.2159347534179688e-05
training iter30,this iter consuming time:3.2644712924957275
forward time:0.003812551498413086
Compute loss time:0.0002498626708984375
before forward:4.291534423828125e-06
forward time:0.003667593002319336
Compute loss time:0.00024247169494628906
optimizer zero grad time:0.23825979232788086
optimizer backward time:0.009554386138916016
optimizer zero grad time:0.2663722038269043
optimizer backward time:0.013102054595947266
optimizer step time:2.9711427688598633
learning rate step time:0.0001964569091796875
after loss time:3.2192506790161133
print output time:2.2649765014648438e-05
test time:1.2874603271484375e-05
training iter31,this iter consuming time:3.2233541011810303
before forward:1.1920928955078125e-05
forward time:0.004059791564941406
Compute loss time:0.00040793418884277344
optimizer step time:2.963442802429199
learning rate step time:9.822845458984375e-05
after loss time:3.2430803775787354
print output time:1.1920928955078125e-05
test time:5.7220458984375e-06
training iter31,this iter consuming time:3.2470123767852783
before forward:5.7220458984375e-06
forward time:0.003670930862426758
Compute loss time:0.00024509429931640625
optimizer zero grad time:0.22768521308898926
optimizer backward time:0.010346412658691406
optimizer zero grad time:0.26671767234802246
optimizer backward time:0.012109756469726562
optimizer step time:4.090312957763672
learning rate step time:0.00011682510375976562
after loss time:4.328531742095947
print output time:1.33514404296875e-05
test time:1.4781951904296875e-05
training iter32,this iter consuming time:4.3330395221710205
before forward:4.291534423828125e-06
forward time:0.0040929317474365234
Compute loss time:0.0002474784851074219
optimizer step time:4.035218715667725
learning rate step time:0.00010156631469726562
after loss time:4.3142101764678955
print output time:1.33514404296875e-05
test time:1.049041748046875e-05
training iter32,this iter consuming time:4.318155765533447
before forward:4.0531158447265625e-06
forward time:0.0036351680755615234
Compute loss time:0.0002582073211669922
optimizer zero grad time:0.23906183242797852
optimizer backward time:0.009555816650390625
optimizer zero grad time:0.2675344944000244
optimizer backward time:0.012532949447631836
optimizer step time:3.039654016494751
learning rate step time:9.512901306152344e-05
after loss time:3.2884509563446045
print output time:1.0967254638671875e-05
test time:6.4373016357421875e-06
training iter33,this iter consuming time:3.2928130626678467
before forward:4.291534423828125e-06
forward time:0.0038187503814697266
Compute loss time:0.00024271011352539062
optimizer step time:3.024461507797241
learning rate step time:0.00010371208190917969
after loss time:3.3046936988830566
print output time:1.1205673217773438e-05
test time:1.049041748046875e-05
training iter33,this iter consuming time:3.308612823486328
before forward:5.7220458984375e-06
forward time:0.0035355091094970703
Compute loss time:0.0002455711364746094
optimizer zero grad time:0.23792266845703125
optimizer backward time:0.009540796279907227
optimizer zero grad time:0.2680392265319824
optimizer backward time:0.013310670852661133
optimizer step time:3.0278396606445312
learning rate step time:0.0001010894775390625
after loss time:3.275465488433838
print output time:1.7642974853515625e-05
test time:1.1205673217773438e-05
training iter34,this iter consuming time:3.279560089111328
before forward:4.0531158447265625e-06
forward time:0.0038404464721679688
Compute loss time:0.00024890899658203125
optimizer step time:2.9720921516418457
learning rate step time:0.00010418891906738281
after loss time:3.2536089420318604
print output time:1.1682510375976562e-05
test time:1.0728836059570312e-05
training iter34,this iter consuming time:3.257418155670166
before forward:5.0067901611328125e-06
forward time:0.0035979747772216797
Compute loss time:0.0002484321594238281
optimizer zero grad time:0.23799419403076172
optimizer backward time:0.009567737579345703
optimizer zero grad time:0.2670454978942871
optimizer backward time:0.012801408767700195
optimizer step time:3.720823049545288
learning rate step time:0.0001010894775390625
after loss time:3.968550443649292
print output time:1.1920928955078125e-05
test time:1.1682510375976562e-05
training iter35,this iter consuming time:3.9726674556732178
before forward:6.4373016357421875e-06
optimizer step time:3.684051036834717
learning rate step time:0.00010323524475097656
after loss time:3.964064836502075
print output time:1.049041748046875e-05
test time:1.2159347534179688e-05
training iter35,this iter consuming time:3.9679388999938965
forward time:0.004050016403198242
before forward:4.0531158447265625e-06
Compute loss time:0.00026226043701171875
forward time:0.0034835338592529297
Compute loss time:0.00024247169494628906
optimizer zero grad time:0.24312520027160645
optimizer backward time:0.010232210159301758
optimizer zero grad time:0.2671985626220703
optimizer backward time:0.012294292449951172
optimizer step time:3.0024325847625732
learning rate step time:0.00010180473327636719
after loss time:3.255953788757324
print output time:1.0013580322265625e-05
test time:1.1444091796875e-05
training iter36,this iter consuming time:3.260293960571289
before forward:3.814697265625e-06
forward time:0.0037720203399658203
Compute loss time:0.00023865699768066406
optimizer step time:2.9805545806884766
learning rate step time:0.00011658668518066406
after loss time:3.2602248191833496
print output time:1.1682510375976562e-05
test time:1.239776611328125e-05
training iter36,this iter consuming time:3.263978958129883
before forward:4.291534423828125e-06
forward time:0.0035681724548339844
Compute loss time:0.0002484321594238281
optimizer zero grad time:0.2413020133972168
optimizer backward time:0.0095672607421875
optimizer zero grad time:0.26746654510498047
optimizer backward time:0.01257944107055664
optimizer step time:3.001500368118286
learning rate step time:0.00011754035949707031
after loss time:3.252549409866333
print output time:1.0728836059570312e-05
test time:1.0251998901367188e-05
training iter37,this iter consuming time:3.256584882736206
optimizer step time:2.965721368789673
learning rate step time:9.465217590332031e-05
after loss time:3.2459638118743896
print output time:1.0728836059570312e-05
test time:6.67572021484375e-06
training iter37,this iter consuming time:3.2498021125793457
before forward:4.291534423828125e-06
before forward:4.291534423828125e-06
forward time:0.0038177967071533203
Compute loss time:0.00024127960205078125
forward time:0.003574371337890625
Compute loss time:0.00024628639221191406
optimizer zero grad time:0.24080824851989746
optimizer backward time:0.010081768035888672
optimizer zero grad time:0.26630687713623047
optimizer backward time:0.01248931884765625
optimizer step time:3.012815475463867
learning rate step time:0.00011181831359863281
after loss time:3.263880491256714
print output time:1.0967254638671875e-05
test time:1.0251998901367188e-05
training iter38,this iter consuming time:3.267965078353882
before forward:4.5299530029296875e-06
forward time:0.003787517547607422
Compute loss time:0.0002808570861816406
optimizer step time:3.00648832321167
learning rate step time:0.00012063980102539062
after loss time:3.285470724105835
print output time:1.1444091796875e-05
test time:1.0251998901367188e-05
training iter38,this iter consuming time:3.2893173694610596
before forward:4.0531158447265625e-06
forward time:0.003744363784790039
Compute loss time:0.00024437904357910156
optimizer zero grad time:0.2625279426574707
optimizer backward time:0.009347200393676758
optimizer zero grad time:0.2680642604827881
optimizer backward time:0.014279842376708984
optimizer step time:3.6476144790649414
learning rate step time:0.00018262863159179688
after loss time:3.93023419380188
print output time:1.4781951904296875e-05
test time:1.239776611328125e-05
training iter39,this iter consuming time:3.9342541694641113
before forward:6.4373016357421875e-06
forward time:0.004303693771362305
Compute loss time:0.0003745555877685547
optimizer step time:3.714381217956543
learning rate step time:0.0001285076141357422
after loss time:3.986490488052368
print output time:1.3589859008789062e-05
test time:1.1920928955078125e-05
training iter39,this iter consuming time:3.990588903427124
before forward:5.4836273193359375e-06
forward time:0.0046253204345703125
Compute loss time:0.00031065940856933594
optimizer zero grad time:0.26659607887268066
optimizer backward time:0.00930166244506836
optimizer zero grad time:0.27597928047180176
optimizer backward time:0.012965202331542969
optimizer step time:3.3575668334960938
learning rate step time:0.00011491775512695312
after loss time:3.646693229675293
print output time:1.0967254638671875e-05
test time:1.049041748046875e-05
training iter40,this iter consuming time:3.651656150817871
optimizer step time:3.408906936645508
learning rate step time:0.0001239776611328125
after loss time:3.685002088546753
print output time:1.4066696166992188e-05
test time:5.7220458984375e-05
training iter40,this iter consuming time:3.689758062362671
before forward:3.814697265625e-06
before forward:4.0531158447265625e-06
forward time:0.0038483142852783203
Compute loss time:0.00023937225341796875
forward time:0.004250764846801758
Compute loss time:0.0002536773681640625
optimizer zero grad time:0.2509324550628662
optimizer zero grad time:0.26303982734680176
optimizer backward time:0.010416984558105469
optimizer backward time:0.01298832893371582
optimizer step time:2.9738171100616455
learning rate step time:0.0001671314239501953
after loss time:3.2501180171966553
print output time:3.647804260253906e-05
test time:4.76837158203125e-05
training iter41,this iter consuming time:3.25429368019104
optimizer step time:2.987927198410034
learning rate step time:0.00010228157043457031
after loss time:3.249444007873535
print output time:1.1205673217773438e-05
test time:1.0251998901367188e-05
training iter41,this iter consuming time:3.253973960876465
before forward:6.67572021484375e-06
before forward:5.7220458984375e-06
forward time:0.004079103469848633
Compute loss time:0.00035262107849121094
forward time:0.0036427974700927734
Compute loss time:0.0002415180206298828
optimizer zero grad time:0.24232053756713867
optimizer backward time:0.009403705596923828
optimizer zero grad time:0.2623403072357178
optimizer backward time:0.012990474700927734
optimizer step time:3.619746685028076
learning rate step time:0.00014090538024902344
after loss time:3.895292043685913
print output time:1.5020370483398438e-05
test time:5.173683166503906e-05
training iter42,this iter consuming time:3.899797201156616
before forward:3.814697265625e-06
forward time:0.004418849945068359
Compute loss time:0.0003113746643066406
optimizer step time:3.6510090827941895
learning rate step time:0.00010514259338378906
after loss time:3.9028983116149902
print output time:1.239776611328125e-05
test time:1.3589859008789062e-05
training iter42,this iter consuming time:3.9068143367767334
before forward:4.291534423828125e-06
forward time:0.0035512447357177734
Compute loss time:0.000240325927734375
optimizer zero grad time:0.2427051067352295
optimizer backward time:0.009381294250488281
optimizer zero grad time:0.2643141746520996
optimizer backward time:0.01419520378112793
optimizer step time:2.9902079105377197
learning rate step time:0.00011515617370605469
after loss time:3.268897771835327
print output time:1.0728836059570312e-05
test time:1.0251998901367188e-05
training iter43,this iter consuming time:3.2736527919769287
optimizer step time:3.0106101036071777
learning rate step time:0.00010776519775390625
after loss time:3.2628672122955322
print output time:1.1444091796875e-05
test time:9.775161743164062e-06
training iter43,this iter consuming time:3.2666842937469482
before forward:5.245208740234375e-06
before forward:4.0531158447265625e-06
forward time:0.003920793533325195
Compute loss time:0.00023984909057617188
forward time:0.003606557846069336
Compute loss time:0.0002474784851074219
optimizer zero grad time:0.24246978759765625
optimizer backward time:0.009825944900512695
optimizer zero grad time:0.26228833198547363
optimizer backward time:0.012778043746948242
optimizer step time:3.0316569805145264
learning rate step time:0.00013709068298339844
after loss time:3.284158229827881
print output time:1.2874603271484375e-05
test time:1.2636184692382812e-05
training iter44,this iter consuming time:3.288041830062866
before forward:4.291534423828125e-06
optimizer step time:3.0131826400756836
learning rate step time:0.00013566017150878906
after loss time:3.288452625274658
print output time:1.1444091796875e-05
test time:1.049041748046875e-05
training iter44,this iter consuming time:3.292640447616577
before forward:4.76837158203125e-06
forward time:0.005072116851806641
Compute loss time:0.00024962425231933594
forward time:0.003986835479736328
Compute loss time:0.00024366378784179688
optimizer zero grad time:0.24889636039733887
optimizer backward time:0.010392427444458008
optimizer zero grad time:0.2632465362548828
optimizer backward time:0.01246333122253418
optimizer step time:3.6473052501678467
learning rate step time:0.0001266002655029297
after loss time:3.906782865524292
print output time:1.0967254638671875e-05
test time:1.2159347534179688e-05
training iter45,this iter consuming time:3.9121320247650146
before forward:3.814697265625e-06
forward time:0.003661632537841797
Compute loss time:0.0002455711364746094
optimizer step time:3.6424756050109863
learning rate step time:9.465217590332031e-05
after loss time:3.9183478355407715
print output time:1.239776611328125e-05
test time:5.9604644775390625e-06
training iter45,this iter consuming time:3.9226014614105225
before forward:5.4836273193359375e-06
forward time:0.003690958023071289
Compute loss time:0.00025081634521484375
optimizer zero grad time:0.24266481399536133
optimizer backward time:0.009224653244018555
optimizer zero grad time:0.2646152973175049
optimizer backward time:0.014723539352416992
optimizer step time:3.258809804916382
learning rate step time:0.00010061264038085938
after loss time:3.5383293628692627
print output time:1.049041748046875e-05
test time:1.1920928955078125e-05
training iter46,this iter consuming time:3.5422990322113037
before forward:4.0531158447265625e-06
forward time:0.003627300262451172
Compute loss time:0.0002696514129638672
optimizer step time:3.3117177486419678
learning rate step time:0.00010037422180175781
after loss time:3.563768148422241
print output time:1.0728836059570312e-05
test time:9.775161743164062e-06
training iter46,this iter consuming time:3.567699670791626
before forward:5.4836273193359375e-06
forward time:0.004255056381225586
Compute loss time:0.0002999305725097656
optimizer zero grad time:0.2626841068267822
optimizer backward time:0.009614706039428711
optimizer zero grad time:0.26909708976745605
optimizer backward time:0.013340473175048828
optimizer step time:2.9875967502593994
learning rate step time:9.441375732421875e-05
after loss time:3.270231008529663
print output time:1.0728836059570312e-05
test time:6.4373016357421875e-06
training iter47,this iter consuming time:3.274808645248413
before forward:5.245208740234375e-06
forward time:0.0034852027893066406
Compute loss time:0.0002608299255371094
optimizer step time:3.0341155529022217
learning rate step time:0.00011467933654785156
after loss time:3.306597948074341
print output time:1.33514404296875e-05
test time:2.8133392333984375e-05
training iter47,this iter consuming time:3.3105404376983643
before forward:4.5299530029296875e-06
forward time:0.0037889480590820312
Compute loss time:0.000244140625
optimizer zero grad time:0.25792384147644043
optimizer backward time:0.00926065444946289
optimizer zero grad time:0.264481782913208
optimizer backward time:0.012639284133911133
optimizer step time:3.0073275566101074
learning rate step time:9.751319885253906e-05
after loss time:3.2746753692626953
print output time:1.0251998901367188e-05
test time:6.67572021484375e-06
training iter48,this iter consuming time:3.2784435749053955
before forward:4.5299530029296875e-06
optimizer step time:2.9772098064422607
learning rate step time:9.632110595703125e-05
after loss time:3.2545013427734375
print output time:1.1205673217773438e-05
test time:3.838539123535156e-05
training iter48,this iter consuming time:3.2585885524749756
forward time:0.0035715103149414062
before forward:4.291534423828125e-06
Compute loss time:0.0002522468566894531
forward time:0.0036690235137939453
Compute loss time:0.0002682209014892578
optimizer zero grad time:0.24578285217285156
optimizer backward time:0.009394407272338867
optimizer zero grad time:0.26252198219299316
optimizer backward time:0.01385045051574707
optimizer step time:3.2701456546783447
learning rate step time:0.00017952919006347656
after loss time:3.5256009101867676
print output time:1.52587890625e-05
test time:2.7894973754882812e-05
training iter49,this iter consuming time:3.5294723510742188
before forward:6.4373016357421875e-06
forward time:0.004232645034790039
Compute loss time:0.00038886070251464844
optimizer step time:3.2689127922058105
learning rate step time:0.0001087188720703125
after loss time:3.5454564094543457
print output time:1.0728836059570312e-05
test time:4.7206878662109375e-05
training iter49,this iter consuming time:3.5494558811187744
before forward:3.814697265625e-06
forward time:0.0037741661071777344
Compute loss time:0.00023984909057617188
optimizer zero grad time:0.2438039779663086
optimizer backward time:0.009332895278930664
optimizer zero grad time:0.2637321949005127
optimizer backward time:0.021004915237426758
